<?xml version="1.0" encoding="UTF-8"?>
<!-- Generated by org.testng.reporters.JUnitXMLReporter -->
<testsuite ignored="0" hostname="DESKTOP-6VF8RE9" failures="0" tests="10" name="Default test" time="20.957" errors="0" timestamp="2025-09-12T13:32:06 IST">
  <testcase classname="com.RestapiProject.TelecomP" name="addNewUser" time="4.842"/>
  <testcase classname="com.RestapiProject.TelecomP" name="getUserProfile" time="1.99"/>
  <testcase classname="com.RestapiProject.TelecomP" name="updateUser" time="1.633"/>
  <testcase classname="com.RestapiProject.TelecomP" name="loginUser" time="1.463"/>
  <testcase classname="com.RestapiProject.TelecomP" name="addContact" time="1.856"/>
  <testcase classname="com.RestapiProject.TelecomP" name="getContactList" time="1.671"/>
  <testcase classname="com.RestapiProject.TelecomP" name="getContact" time="1.75"/>
  <testcase classname="com.RestapiProject.TelecomP" name="updateContact" time="2.148"/>
  <testcase classname="com.RestapiProject.TelecomP" name="updateContactPartial" time="1.973"/>
  <testcase classname="com.RestapiProject.TelecomP" name="logoutUser" time="1.496"/>
</testsuite> <!-- Default test -->
