<?xml version="1.0" encoding="UTF-8"?>
<testng-results ignored="0" total="10" passed="10" failed="0" skipped="0">
  <reporter-output>
  </reporter-output>
  <suite started-at="2025-09-12T13:33:01 IST" name="TelecomProjectSuite" finished-at="2025-09-12T13:33:21 IST" duration-ms="20715">
    <groups>
    </groups>
    <test started-at="2025-09-12T13:33:01 IST" name="Tests_RestApi" finished-at="2025-09-12T13:33:21 IST" duration-ms="20715">
      <class name="com.RestapiProject.TelecomP">
        <test-method signature="addNewUser()[pri:1, instance:com.RestapiProject.TelecomP@49139829]" started-at="2025-09-12T13:33:01 IST" name="addNewUser" finished-at="2025-09-12T13:33:05 IST" duration-ms="4227" status="PASS">
          <reporter-output>
          </reporter-output>
        </test-method> <!-- addNewUser -->
        <test-method signature="getUserProfile()[pri:2, instance:com.RestapiProject.TelecomP@49139829]" started-at="2025-09-12T13:33:05 IST" name="getUserProfile" finished-at="2025-09-12T13:33:07 IST" duration-ms="1671" status="PASS">
          <reporter-output>
          </reporter-output>
        </test-method> <!-- getUserProfile -->
        <test-method signature="updateUser()[pri:3, instance:com.RestapiProject.TelecomP@49139829]" started-at="2025-09-12T13:33:07 IST" name="updateUser" finished-at="2025-09-12T13:33:09 IST" duration-ms="1835" status="PASS">
          <reporter-output>
          </reporter-output>
        </test-method> <!-- updateUser -->
        <test-method signature="loginUser()[pri:4, instance:com.RestapiProject.TelecomP@49139829]" started-at="2025-09-12T13:33:09 IST" name="loginUser" finished-at="2025-09-12T13:33:11 IST" duration-ms="2161" status="PASS">
          <reporter-output>
          </reporter-output>
        </test-method> <!-- loginUser -->
        <test-method signature="addContact()[pri:5, instance:com.RestapiProject.TelecomP@49139829]" started-at="2025-09-12T13:33:11 IST" name="addContact" finished-at="2025-09-12T13:33:13 IST" duration-ms="1765" status="PASS">
          <reporter-output>
          </reporter-output>
        </test-method> <!-- addContact -->
        <test-method signature="getContactList()[pri:6, instance:com.RestapiProject.TelecomP@49139829]" started-at="2025-09-12T13:33:13 IST" name="getContactList" finished-at="2025-09-12T13:33:14 IST" duration-ms="1719" status="PASS">
          <reporter-output>
          </reporter-output>
        </test-method> <!-- getContactList -->
        <test-method signature="getContact()[pri:7, instance:com.RestapiProject.TelecomP@49139829]" started-at="2025-09-12T13:33:14 IST" name="getContact" finished-at="2025-09-12T13:33:16 IST" duration-ms="1849" status="PASS">
          <reporter-output>
          </reporter-output>
        </test-method> <!-- getContact -->
        <test-method signature="updateContact()[pri:8, instance:com.RestapiProject.TelecomP@49139829]" started-at="2025-09-12T13:33:16 IST" name="updateContact" finished-at="2025-09-12T13:33:18 IST" duration-ms="2070" status="PASS">
          <reporter-output>
          </reporter-output>
        </test-method> <!-- updateContact -->
        <test-method signature="updateContactPartial()[pri:9, instance:com.RestapiProject.TelecomP@49139829]" started-at="2025-09-12T13:33:18 IST" name="updateContactPartial" finished-at="2025-09-12T13:33:20 IST" duration-ms="1571" status="PASS">
          <reporter-output>
          </reporter-output>
        </test-method> <!-- updateContactPartial -->
        <test-method signature="logoutUser()[pri:10, instance:com.RestapiProject.TelecomP@49139829]" started-at="2025-09-12T13:33:20 IST" name="logoutUser" finished-at="2025-09-12T13:33:21 IST" duration-ms="1532" status="PASS">
          <reporter-output>
          </reporter-output>
        </test-method> <!-- logoutUser -->
      </class> <!-- com.RestapiProject.TelecomP -->
    </test> <!-- Tests_RestApi -->
  </suite> <!-- TelecomProjectSuite -->
</testng-results>
