<?xml version="1.0" encoding="UTF-8"?>
<!-- Generated by org.testng.reporters.JUnitXMLReporter -->
<testsuite ignored="0" hostname="DESKTOP-6VF8RE9" failures="0" tests="11" name="Tests_Bstackdemo" time="67.202" errors="0" timestamp="2025-09-13T09:41:58 IST">
  <testcase classname="com.bstackdemo.Logintest" name="valid" time="5.478"/>
  <testcase classname="com.bstackdemo.Logintest" name="invalid" time="4.984"/>
  <testcase classname="com.bstackdemo.Logintest" name="empty" time="5.244"/>
  <testcase classname="com.bstackdemo.Carttest" name="login" time="5.032"/>
  <testcase classname="com.bstackdemo.Carttest" name="addingMul" time="0.853"/>
  <testcase classname="com.bstackdemo.Carttest" name="remove" time="3.773"/>
  <testcase classname="com.bstackdemo.Carttest" name="verifyCartCount" time="0.038"/>
  <testcase classname="com.bstackdemo.Checkouttest" name="login" time="5.135"/>
  <testcase classname="com.bstackdemo.Checkouttest" name="productsearch" time="4.174"/>
  <testcase classname="com.bstackdemo.Checkouttest" name="addtocart" time="0.866"/>
  <testcase classname="com.bstackdemo.Checkouttest" name="checkout" time="6.69"/>
</testsuite> <!-- Tests_Bstackdemo -->
