<?xml version="1.0" encoding="UTF-8"?>
<!-- Generated by org.testng.reporters.JUnitXMLReporter -->
<testsuite ignored="0" hostname="DESKTOP-6VF8RE9" failures="0" tests="11" name="Tests_Bstackdemo" time="68.467" errors="0" timestamp="2025-09-12T11:27:33 IST">
  <testcase classname="com.bstackdemo.Logintest" name="valid" time="5.64"/>
  <testcase classname="com.bstackdemo.Logintest" name="invalid" time="5.176"/>
  <testcase classname="com.bstackdemo.Logintest" name="empty" time="5.096"/>
  <testcase classname="com.bstackdemo.Carttest" name="login" time="5.353"/>
  <testcase classname="com.bstackdemo.Carttest" name="addingMul" time="1.366"/>
  <testcase classname="com.bstackdemo.Carttest" name="remove" time="3.528"/>
  <testcase classname="com.bstackdemo.Carttest" name="verifyCartCount" time="0.34"/>
  <testcase classname="com.bstackdemo.Checkouttest" name="login" time="5.65"/>
  <testcase classname="com.bstackdemo.Checkouttest" name="productsearch" time="5.001"/>
  <testcase classname="com.bstackdemo.Checkouttest" name="addtocart" time="1.178"/>
  <testcase classname="com.bstackdemo.Checkouttest" name="checkout" time="7.279"/>
</testsuite> <!-- Tests_Bstackdemo -->
