<?xml version="1.0" encoding="UTF-8"?>
<!-- Generated by org.testng.reporters.JUnitXMLReporter -->
<testsuite ignored="0" hostname="DESKTOP-6VF8RE9" failures="0" tests="9" name="Admin Test Execution" time="126.332" errors="0" timestamp="2025-09-13T08:41:47 IST">
  <testcase classname="com.orangehrm.LoginorhmTest" name="Ohrmlogin" time="19.753"/>
  <testcase classname="com.orangehrm.LoginorhmTest" name="Ohrmlogin" time="8.524"/>
  <testcase classname="com.orangehrm.LoginorhmTest" name="Ohrmlogin" time="8.843"/>
  <testcase classname="com.orangehrm.LoginorhmTest" name="Ohrmlogin" time="8.635"/>
  <testcase classname="com.orangehrm.LoginorhmTest" name="Ohrmlogin" time="8.501"/>
  <testcase classname="com.orangehrm.Admintextexectn2" name="testMenuOptions" time="2.28"/>
  <testcase classname="com.orangehrm.Admintextexectn2" name="testSearchByUserName" time="3.862"/>
  <testcase classname="com.orangehrm.Admintextexectn2" name="testSearchByUserRole" time="3.745"/>
  <testcase classname="com.orangehrm.Admintextexectn2" name="testSearchByUserStatus" time="3.785"/>
</testsuite> <!-- Admin Test Execution -->
