<?xml version="1.0" encoding="UTF-8"?>
<!-- Generated by org.testng.reporters.JUnitXMLReporter -->
<testsuite ignored="0" hostname="DESKTOP-6VF8RE9" failures="0" tests="10" name="Tests_RestApi" time="20.715" errors="0" timestamp="2025-09-12T13:33:22 IST">
  <testcase classname="com.RestapiProject.TelecomP" name="addNewUser" time="4.227"/>
  <testcase classname="com.RestapiProject.TelecomP" name="getUserProfile" time="1.671"/>
  <testcase classname="com.RestapiProject.TelecomP" name="updateUser" time="1.835"/>
  <testcase classname="com.RestapiProject.TelecomP" name="loginUser" time="2.161"/>
  <testcase classname="com.RestapiProject.TelecomP" name="addContact" time="1.765"/>
  <testcase classname="com.RestapiProject.TelecomP" name="getContactList" time="1.719"/>
  <testcase classname="com.RestapiProject.TelecomP" name="getContact" time="1.849"/>
  <testcase classname="com.RestapiProject.TelecomP" name="updateContact" time="2.07"/>
  <testcase classname="com.RestapiProject.TelecomP" name="updateContactPartial" time="1.571"/>
  <testcase classname="com.RestapiProject.TelecomP" name="logoutUser" time="1.532"/>
</testsuite> <!-- Tests_RestApi -->
